# JRE version: OpenJDK Runtime Environment (8.0_242-b01) (build 1.8.0_242-release-1644-b01)
# Java VM: OpenJDK 64-Bit Server VM (25.242-b01 mixed mode windows-amd64 compressed oops)
Heap:
 PSYoungGen      total 218624K, used 215281K [0x00000000e0000000, 0x00000000f3100000, 0x0000000100000000)
  eden space 185856K, 98% used [0x00000000e0000000,0x00000000eb23f930,0x00000000eb580000)
  from space 32768K, 99% used [0x00000000eb580000,0x00000000ed57cc00,0x00000000ed580000)
  to   space 49664K, 0% used [0x00000000f0080000,0x00000000f0080000,0x00000000f3100000)
 ParOldGen       total 187904K, used 124257K [0x00000000a0000000, 0x00000000ab780000, 0x00000000e0000000)
  object space 187904K, 66% used [0x00000000a0000000,0x00000000a7958730,0x00000000ab780000)
 Metaspace       used 76155K, capacity 80264K, committed 80600K, reserved 1118208K
  class space    used 10036K, capacity 10885K, committed 11008K, reserved 1048576K
GC Heap History (10 events):
Event: 762.911 GC heap before
{Heap before GC invocations=23 (full 3):
 PSYoungGen      total 168960K, used 167557K [0x00000000e0000000, 0x00000000ed080000, 0x0000000100000000)
  eden space 148992K, 99% used [0x00000000e0000000,0x00000000e90238e8,0x00000000e9180000)
  from space 19968K, 99% used [0x00000000e9180000,0x00000000ea4fdf08,0x00000000ea500000)
  to   space 26112K, 0% used [0x00000000eb700000,0x00000000eb700000,0x00000000ed080000)
 ParOldGen       total 99840K, used 44698K [0x00000000a0000000, 0x00000000a6180000, 0x00000000e0000000)
  object space 99840K, 44% used [0x00000000a0000000,0x00000000a2ba6ac8,0x00000000a6180000)
 Metaspace       used 74415K, capacity 78256K, committed 78424K, reserved 1116160K
  class space    used 9928K, capacity 10765K, committed 10880K, reserved 1048576K
Event: 763.250 GC heap after
Heap after GC invocations=23 (full 3):
 PSYoungGen      total 184832K, used 21964K [0x00000000e0000000, 0x00000000ee580000, 0x0000000100000000)
  eden space 158720K, 0% used [0x00000000e0000000,0x00000000e0000000,0x00000000e9b00000)
  from space 26112K, 84% used [0x00000000eb700000,0x00000000ecc73208,0x00000000ed080000)
  to   space 28672K, 0% used [0x00000000e9b00000,0x00000000e9b00000,0x00000000eb700000)
 ParOldGen       total 99840K, used 94328K [0x00000000a0000000, 0x00000000a6180000, 0x00000000e0000000)
  object space 99840K, 94% used [0x00000000a0000000,0x00000000a5c1e070,0x00000000a6180000)
 Metaspace       used 74415K, capacity 78256K, committed 78424K, reserved 1116160K
  class space    used 9928K, capacity 10765K, committed 10880K, reserved 1048576K
}
Event: 763.252 GC heap before
{Heap before GC invocations=24 (full 4):
 PSYoungGen      total 184832K, used 21964K [0x00000000e0000000, 0x00000000ee580000, 0x0000000100000000)
  eden space 158720K, 0% used [0x00000000e0000000,0x00000000e0000000,0x00000000e9b00000)
  from space 26112K, 84% used [0x00000000eb700000,0x00000000ecc73208,0x00000000ed080000)
  to   space 28672K, 0% used [0x00000000e9b00000,0x00000000e9b00000,0x00000000eb700000)
 ParOldGen       total 99840K, used 94328K [0x00000000a0000000, 0x00000000a6180000, 0x00000000e0000000)
  object space 99840K, 94% used [0x00000000a0000000,0x00000000a5c1e070,0x00000000a6180000)
 Metaspace       used 74415K, capacity 78256K, committed 78424K, reserved 1116160K
  class space    used 9928K, capacity 10765K, committed 10880K, reserved 1048576K
Event: 765.828 GC heap after
Heap after GC invocations=24 (full 4):
 PSYoungGen      total 184832K, used 0K [0x00000000e0000000, 0x00000000ee580000, 0x0000000100000000)
  eden space 158720K, 0% used [0x00000000e0000000,0x00000000e0000000,0x00000000e9b00000)
  from space 26112K, 0% used [0x00000000eb700000,0x00000000eb700000,0x00000000ed080000)
  to   space 28672K, 0% used [0x00000000e9b00000,0x00000000e9b00000,0x00000000eb700000)
 ParOldGen       total 187904K, used 92855K [0x00000000a0000000, 0x00000000ab780000, 0x00000000e0000000)
  object space 187904K, 49% used [0x00000000a0000000,0x00000000a5aadeb0,0x00000000ab780000)
 Metaspace       used 74073K, capacity 77304K, committed 78424K, reserved 1116160K
  class space    used 9816K, capacity 10567K, committed 10880K, reserved 1048576K
}
Event: 769.077 GC heap before
{Heap before GC invocations=25 (full 4):
 PSYoungGen      total 184832K, used 158720K [0x00000000e0000000, 0x00000000ee580000, 0x0000000100000000)
  eden space 158720K, 100% used [0x00000000e0000000,0x00000000e9b00000,0x00000000e9b00000)
  from space 26112K, 0% used [0x00000000eb700000,0x00000000eb700000,0x00000000ed080000)
  to   space 28672K, 0% used [0x00000000e9b00000,0x00000000e9b00000,0x00000000eb700000)
 ParOldGen       total 187904K, used 92855K [0x00000000a0000000, 0x00000000ab780000, 0x00000000e0000000)
  object space 187904K, 49% used [0x00000000a0000000,0x00000000a5aadeb0,0x00000000ab780000)
 Metaspace       used 74575K, capacity 77900K, committed 78936K, reserved 1118208K
  class space    used 9901K, capacity 10630K, committed 10880K, reserved 1048576K
Event: 769.134 GC heap after
Heap after GC invocations=25 (full 4):
 PSYoungGen      total 187392K, used 17856K [0x00000000e0000000, 0x00000000ef380000, 0x0000000100000000)
  eden space 158720K, 0% used [0x00000000e0000000,0x00000000e0000000,0x00000000e9b00000)
  from space 28672K, 62% used [0x00000000e9b00000,0x00000000eac70220,0x00000000eb700000)
  to   space 29696K, 0% used [0x00000000ed680000,0x00000000ed680000,0x00000000ef380000)
 ParOldGen       total 187904K, used 92863K [0x00000000a0000000, 0x00000000ab780000, 0x00000000e0000000)
  object space 187904K, 49% used [0x00000000a0000000,0x00000000a5aafeb0,0x00000000ab780000)
 Metaspace       used 74575K, capacity 77900K, committed 78936K, reserved 1118208K
  class space    used 9901K, capacity 10630K, committed 10880K, reserved 1048576K
}
Event: 3456.451 GC heap before
{Heap before GC invocations=26 (full 4):
 PSYoungGen      total 187392K, used 176576K [0x00000000e0000000, 0x00000000ef380000, 0x0000000100000000)
  eden space 158720K, 100% used [0x00000000e0000000,0x00000000e9b00000,0x00000000e9b00000)
  from space 28672K, 62% used [0x00000000e9b00000,0x00000000eac70220,0x00000000eb700000)
  to   space 29696K, 0% used [0x00000000ed680000,0x00000000ed680000,0x00000000ef380000)
 ParOldGen       total 187904K, used 92863K [0x00000000a0000000, 0x00000000ab780000, 0x00000000e0000000)
  object space 187904K, 49% used [0x00000000a0000000,0x00000000a5aafeb0,0x00000000ab780000)
 Metaspace       used 75251K, capacity 78800K, committed 79448K, reserved 1118208K
  class space    used 9939K, capacity 10709K, committed 10880K, reserved 1048576K
Event: 3456.934 GC heap after
Heap after GC invocations=26 (full 4):
 PSYoungGen      total 215552K, used 25282K [0x00000000e0000000, 0x00000000ef580000, 0x0000000100000000)
  eden space 185856K, 0% used [0x00000000e0000000,0x00000000e0000000,0x00000000eb580000)
  from space 29696K, 85% used [0x00000000ed680000,0x00000000eef30b30,0x00000000ef380000)
  to   space 32768K, 0% used [0x00000000eb580000,0x00000000eb580000,0x00000000ed580000)
 ParOldGen       total 187904K, used 92871K [0x00000000a0000000, 0x00000000ab780000, 0x00000000e0000000)
  object space 187904K, 49% used [0x00000000a0000000,0x00000000a5ab1eb0,0x00000000ab780000)
 Metaspace       used 75251K, capacity 78800K, committed 79448K, reserved 1118208K
  class space    used 9939K, capacity 10709K, committed 10880K, reserved 1048576K
}
Event: 3561.393 GC heap before
{Heap before GC invocations=27 (full 4):
 PSYoungGen      total 215552K, used 205355K [0x00000000e0000000, 0x00000000ef580000, 0x0000000100000000)
  eden space 185856K, 96% used [0x00000000e0000000,0x00000000eafda308,0x00000000eb580000)
  from space 29696K, 85% used [0x00000000ed680000,0x00000000eef30b30,0x00000000ef380000)
  to   space 32768K, 0% used [0x00000000eb580000,0x00000000eb580000,0x00000000ed580000)
 ParOldGen       total 187904K, used 92871K [0x00000000a0000000, 0x00000000ab780000, 0x00000000e0000000)
  object space 187904K, 49% used [0x00000000a0000000,0x00000000a5ab1eb0,0x00000000ab780000)
 Metaspace       used 76071K, capacity 80140K, committed 80216K, reserved 1118208K
  class space    used 10030K, capacity 10875K, committed 10880K, reserved 1048576K
Event: 3561.716 GC heap after
Heap after GC invocations=27 (full 4):
 PSYoungGen      total 218624K, used 32755K [0x00000000e0000000, 0x00000000f3100000, 0x0000000100000000)
  eden space 185856K, 0% used [0x00000000e0000000,0x00000000e0000000,0x00000000eb580000)
  from space 32768K, 99% used [0x00000000eb580000,0x00000000ed57cc00,0x00000000ed580000)
  to   space 49664K, 0% used [0x00000000f0080000,0x00000000f0080000,0x00000000f3100000)
 ParOldGen       total 187904K, used 124257K [0x00000000a0000000, 0x00000000ab780000, 0x00000000e0000000)
  object space 187904K, 66% used [0x00000000a0000000,0x00000000a7958730,0x00000000ab780000)
 Metaspace       used 76071K, capacity 80140K, committed 80216K, reserved 1118208K
  class space    used 10030K, capacity 10875K, committed 10880K, reserved 1048576K
}

