Heap:
 PSYoungGen      total 446976K, used 28039K [0x00000000e0000000, 0x0000000100000000, 0x0000000100000000)
  eden space 367104K, 7% used [0x00000000e0000000,0x00000000e1b61f08,0x00000000f6680000)
  from space 79872K, 0% used [0x00000000fb200000,0x00000000fb200000,0x0000000100000000)
  to   space 77312K, 0% used [0x00000000f6680000,0x00000000f6680000,0x00000000fb200000)
 ParOldGen       total 205312K, used 35894K [0x00000000a0000000, 0x00000000ac880000, 0x00000000e0000000)
  object space 205312K, 17% used [0x00000000a0000000,0x00000000a230dac8,0x00000000ac880000)
 Metaspace       used 95911K, capacity 99628K, committed 102744K, reserved 1138688K
  class space    used 12610K, capacity 13424K, committed 14208K, reserved 1048576K
GC Heap History (10 events):
Event: 1265.271 GC heap before
{Heap before GC invocations=30 (full 4):
 PSYoungGen      total 354304K, used 324515K [0x00000000e0000000, 0x00000000fad80000, 0x0000000100000000)
  eden space 302080K, 100% used [0x00000000e0000000,0x00000000f2700000,0x00000000f2700000)
  from space 52224K, 42% used [0x00000000f2700000,0x00000000f3ce8c08,0x00000000f5a00000)
  to   space 50176K, 0% used [0x00000000f7c80000,0x00000000f7c80000,0x00000000fad80000)
 ParOldGen       total 178176K, used 138291K [0x00000000a0000000, 0x00000000aae00000, 0x00000000e0000000)
  object space 178176K, 77% used [0x00000000a0000000,0x00000000a870cc58,0x00000000aae00000)
 Metaspace       used 96442K, capacity 100932K, committed 102744K, reserved 1138688K
  class space    used 12766K, capacity 13744K, committed 14208K, reserved 1048576K
Event: 1265.602 GC heap after
Heap after GC invocations=30 (full 4):
 PSYoungGen      total 378880K, used 50165K [0x00000000e0000000, 0x00000000fc980000, 0x0000000100000000)
  eden space 328704K, 0% used [0x00000000e0000000,0x00000000e0000000,0x00000000f4100000)
  from space 50176K, 99% used [0x00000000f7c80000,0x00000000fad7d4b8,0x00000000fad80000)
  to   space 60928K, 0% used [0x00000000f4100000,0x00000000f4100000,0x00000000f7c80000)
 ParOldGen       total 178176K, used 145452K [0x00000000a0000000, 0x00000000aae00000, 0x00000000e0000000)
  object space 178176K, 81% used [0x00000000a0000000,0x00000000a8e0b3d0,0x00000000aae00000)
 Metaspace       used 96442K, capacity 100932K, committed 102744K, reserved 1138688K
  class space    used 12766K, capacity 13744K, committed 14208K, reserved 1048576K
}
Event: 1265.604 GC heap before
{Heap before GC invocations=31 (full 5):
 PSYoungGen      total 378880K, used 50165K [0x00000000e0000000, 0x00000000fc980000, 0x0000000100000000)
  eden space 328704K, 0% used [0x00000000e0000000,0x00000000e0000000,0x00000000f4100000)
  from space 50176K, 99% used [0x00000000f7c80000,0x00000000fad7d4b8,0x00000000fad80000)
  to   space 60928K, 0% used [0x00000000f4100000,0x00000000f4100000,0x00000000f7c80000)
 ParOldGen       total 178176K, used 145452K [0x00000000a0000000, 0x00000000aae00000, 0x00000000e0000000)
  object space 178176K, 81% used [0x00000000a0000000,0x00000000a8e0b3d0,0x00000000aae00000)
 Metaspace       used 96442K, capacity 100932K, committed 102744K, reserved 1138688K
  class space    used 12766K, capacity 13744K, committed 14208K, reserved 1048576K
Event: 1267.731 GC heap after
Heap after GC invocations=31 (full 5):
 PSYoungGen      total 378880K, used 0K [0x00000000e0000000, 0x00000000fc980000, 0x0000000100000000)
  eden space 328704K, 0% used [0x00000000e0000000,0x00000000e0000000,0x00000000f4100000)
  from space 50176K, 0% used [0x00000000f7c80000,0x00000000f7c80000,0x00000000fad80000)
  to   space 60928K, 0% used [0x00000000f4100000,0x00000000f4100000,0x00000000f7c80000)
 ParOldGen       total 205312K, used 103808K [0x00000000a0000000, 0x00000000ac880000, 0x00000000e0000000)
  object space 205312K, 50% used [0x00000000a0000000,0x00000000a6560180,0x00000000ac880000)
 Metaspace       used 96427K, capacity 100908K, committed 102744K, reserved 1138688K
  class space    used 12764K, capacity 13740K, committed 14208K, reserved 1048576K
}
Event: 1272.375 GC heap before
{Heap before GC invocations=32 (full 5):
 PSYoungGen      total 378880K, used 328419K [0x00000000e0000000, 0x00000000fc980000, 0x0000000100000000)
  eden space 328704K, 99% used [0x00000000e0000000,0x00000000f40b8de0,0x00000000f4100000)
  from space 50176K, 0% used [0x00000000f7c80000,0x00000000f7c80000,0x00000000fad80000)
  to   space 60928K, 0% used [0x00000000f4100000,0x00000000f4100000,0x00000000f7c80000)
 ParOldGen       total 205312K, used 103808K [0x00000000a0000000, 0x00000000ac880000, 0x00000000e0000000)
  object space 205312K, 50% used [0x00000000a0000000,0x00000000a6560180,0x00000000ac880000)
 Metaspace       used 96603K, capacity 101120K, committed 102744K, reserved 1138688K
  class space    used 12787K, capacity 13780K, committed 14208K, reserved 1048576K
Event: 1272.533 GC heap after
Heap after GC invocations=32 (full 5):
 PSYoungGen      total 389632K, used 60922K [0x00000000e0000000, 0x0000000100000000, 0x0000000100000000)
  eden space 328704K, 0% used [0x00000000e0000000,0x00000000e0000000,0x00000000f4100000)
  from space 60928K, 99% used [0x00000000f4100000,0x00000000f7c7ea70,0x00000000f7c80000)
  to   space 79872K, 0% used [0x00000000fb200000,0x00000000fb200000,0x0000000100000000)
 ParOldGen       total 205312K, used 127994K [0x00000000a0000000, 0x00000000ac880000, 0x00000000e0000000)
  object space 205312K, 62% used [0x00000000a0000000,0x00000000a7cfe900,0x00000000ac880000)
 Metaspace       used 96603K, capacity 101120K, committed 102744K, reserved 1138688K
  class space    used 12787K, capacity 13780K, committed 14208K, reserved 1048576K
}
Event: 4867.755 GC heap before
{Heap before GC invocations=33 (full 5):
 PSYoungGen      total 389632K, used 159716K [0x00000000e0000000, 0x0000000100000000, 0x0000000100000000)
  eden space 328704K, 30% used [0x00000000e0000000,0x00000000e607a678,0x00000000f4100000)
  from space 60928K, 99% used [0x00000000f4100000,0x00000000f7c7ea70,0x00000000f7c80000)
  to   space 79872K, 0% used [0x00000000fb200000,0x00000000fb200000,0x0000000100000000)
 ParOldGen       total 205312K, used 127994K [0x00000000a0000000, 0x00000000ac880000, 0x00000000e0000000)
  object space 205312K, 62% used [0x00000000a0000000,0x00000000a7cfe900,0x00000000ac880000)
 Metaspace       used 96727K, capacity 101194K, committed 102744K, reserved 1138688K
  class space    used 12791K, capacity 13783K, committed 14208K, reserved 1048576K
Event: 4868.129 GC heap after
Heap after GC invocations=33 (full 5):
 PSYoungGen      total 446976K, used 14895K [0x00000000e0000000, 0x0000000100000000, 0x0000000100000000)
  eden space 367104K, 0% used [0x00000000e0000000,0x00000000e0000000,0x00000000f6680000)
  from space 79872K, 18% used [0x00000000fb200000,0x00000000fc08bec0,0x0000000100000000)
  to   space 77312K, 0% used [0x00000000f6680000,0x00000000f6680000,0x00000000fb200000)
 ParOldGen       total 205312K, used 128002K [0x00000000a0000000, 0x00000000ac880000, 0x00000000e0000000)
  object space 205312K, 62% used [0x00000000a0000000,0x00000000a7d00900,0x00000000ac880000)
 Metaspace       used 96727K, capacity 101194K, committed 102744K, reserved 1138688K
  class space    used 12791K, capacity 13783K, committed 14208K, reserved 1048576K
}
Event: 4868.129 GC heap before
{Heap before GC invocations=34 (full 6):
 PSYoungGen      total 446976K, used 14895K [0x00000000e0000000, 0x0000000100000000, 0x0000000100000000)
  eden space 367104K, 0% used [0x00000000e0000000,0x00000000e0000000,0x00000000f6680000)
  from space 79872K, 18% used [0x00000000fb200000,0x00000000fc08bec0,0x0000000100000000)
  to   space 77312K, 0% used [0x00000000f6680000,0x00000000f6680000,0x00000000fb200000)
 ParOldGen       total 205312K, used 128002K [0x00000000a0000000, 0x00000000ac880000, 0x00000000e0000000)
  object space 205312K, 62% used [0x00000000a0000000,0x00000000a7d00900,0x00000000ac880000)
 Metaspace       used 96727K, capacity 101194K, committed 102744K, reserved 1138688K
  class space    used 12791K, capacity 13783K, committed 14208K, reserved 1048576K
Event: 4871.961 GC heap after
Heap after GC invocations=34 (full 6):
 PSYoungGen      total 446976K, used 0K [0x00000000e0000000, 0x0000000100000000, 0x0000000100000000)
  eden space 367104K, 0% used [0x00000000e0000000,0x00000000e0000000,0x00000000f6680000)
  from space 79872K, 0% used [0x00000000fb200000,0x00000000fb200000,0x0000000100000000)
  to   space 77312K, 0% used [0x00000000f6680000,0x00000000f6680000,0x00000000fb200000)
 ParOldGen       total 205312K, used 35894K [0x00000000a0000000, 0x00000000ac880000, 0x00000000e0000000)
  object space 205312K, 17% used [0x00000000a0000000,0x00000000a230dac8,0x00000000ac880000)
 Metaspace       used 95874K, capacity 99598K, committed 102744K, reserved 1138688K
  class space    used 12602K, capacity 13411K, committed 14208K, reserved 1048576K
}

